<?xml version="1.0" encoding="UTF-8"?>
<coverage generated="1675187256154" clover="3.2.0">
  <project timestamp="1675187256154" name="All files">
    <metrics statements="26" coveredstatements="25" conditionals="14" coveredconditionals="13" methods="4" coveredmethods="4" elements="44" coveredelements="42" complexity="0" loc="26" ncloc="26" packages="1" files="2" classes="2"/>
    <file name="generateDifferences.js" path="/Users/dmitrychigrin/Desktop/hexlet-js/frontend-project-46/src/generateDifferences.js">
      <metrics statements="25" coveredstatements="24" conditionals="14" coveredconditionals="13" methods="3" coveredmethods="3"/>
      <line num="6" count="1" type="stmt"/>
      <line num="7" count="1" type="stmt"/>
      <line num="8" count="1" type="stmt"/>
      <line num="9" count="1" type="stmt"/>
      <line num="10" count="1" type="stmt"/>
      <line num="12" count="1" type="stmt"/>
      <line num="13" count="7" type="cond" truecount="4" falsecount="0"/>
      <line num="14" count="3" type="cond" truecount="2" falsecount="0"/>
      <line num="15" count="1" type="stmt"/>
      <line num="17" count="2" type="stmt"/>
      <line num="18" count="2" type="stmt"/>
      <line num="21" count="7" type="cond" truecount="2" falsecount="0"/>
      <line num="22" count="2" type="stmt"/>
      <line num="24" count="7" type="cond" truecount="2" falsecount="0"/>
      <line num="25" count="2" type="stmt"/>
      <line num="28" count="1" type="stmt"/>
      <line num="31" count="1" type="stmt"/>
      <line num="32" count="1" type="cond" truecount="3" falsecount="1"/>
      <line num="33" count="1" type="stmt"/>
      <line num="34" count="1" type="stmt"/>
      <line num="36" count="1" type="stmt"/>
      <line num="37" count="1" type="stmt"/>
      <line num="39" count="1" type="stmt"/>
      <line num="41" count="1" type="stmt"/>
      <line num="43" count="0" type="stmt"/>
    </file>
    <file name="index.js" path="/Users/dmitrychigrin/Desktop/hexlet-js/frontend-project-46/src/index.js">
      <metrics statements="1" coveredstatements="1" conditionals="0" coveredconditionals="0" methods="1" coveredmethods="1"/>
      <line num="3" count="2" type="stmt"/>
    </file>
  </project>
</coverage>
