{"/Users/dmitrychigrin/Desktop/hexlet-js/frontend-project-46/src/generateDifferences.js": {"path":"/Users/dmitrychigrin/Desktop/hexlet-js/frontend-project-46/src/generateDifferences.js","all":false,"statementMap":{"0":{"start":{"line":1,"column":0},"end":{"line":1,"column":25}},"1":{"start":{"line":2,"column":0},"end":{"line":2,"column":24}},"2":{"start":{"line":3,"column":0},"end":{"line":3,"column":44}},"3":{"start":{"line":4,"column":0},"end":{"line":4,"column":33}},"4":{"start":{"line":5,"column":0},"end":{"line":5,"column":0}},"5":{"start":{"line":6,"column":0},"end":{"line":6,"column":55}},"6":{"start":{"line":7,"column":0},"end":{"line":7,"column":79}},"7":{"start":{"line":8,"column":0},"end":{"line":8,"column":79}},"8":{"start":{"line":9,"column":0},"end":{"line":9,"column":0}},"9":{"start":{"line":10,"column":0},"end":{"line":10,"column":46}},"10":{"start":{"line":11,"column":0},"end":{"line":11,"column":46}},"11":{"start":{"line":12,"column":0},"end":{"line":12,"column":62}},"12":{"start":{"line":13,"column":0},"end":{"line":13,"column":0}},"13":{"start":{"line":14,"column":0},"end":{"line":14,"column":80}},"14":{"start":{"line":15,"column":0},"end":{"line":15,"column":26}},"15":{"start":{"line":16,"column":0},"end":{"line":16,"column":2}},"16":{"start":{"line":17,"column":0},"end":{"line":17,"column":0}},"17":{"start":{"line":18,"column":0},"end":{"line":18,"column":35}}},"s":{"0":1,"1":1,"2":1,"3":1,"4":1,"5":1,"6":2,"7":2,"8":2,"9":2,"10":2,"11":2,"12":2,"13":2,"14":2,"15":2,"16":1,"17":1},"branchMap":{"0":{"type":"branch","line":6,"loc":{"start":{"line":6,"column":28},"end":{"line":16,"column":2}},"locations":[{"start":{"line":6,"column":28},"end":{"line":16,"column":2}}]},"1":{"type":"branch","line":15,"loc":{"start":{"line":15,"column":-1},"end":{"line":15,"column":24}},"locations":[{"start":{"line":15,"column":-1},"end":{"line":15,"column":24}}]}},"b":{"0":[2],"1":[0]},"fnMap":{"0":{"name":"generateDifferences","decl":{"start":{"line":6,"column":28},"end":{"line":16,"column":2}},"loc":{"start":{"line":6,"column":28},"end":{"line":16,"column":2}},"line":6}},"f":{"0":2}}
,"/Users/dmitrychigrin/Desktop/hexlet-js/frontend-project-46/src/index.js": {"path":"/Users/dmitrychigrin/Desktop/hexlet-js/frontend-project-46/src/index.js","all":false,"statementMap":{"0":{"start":{"line":1,"column":0},"end":{"line":1,"column":23}},"1":{"start":{"line":2,"column":0},"end":{"line":2,"column":0}},"2":{"start":{"line":3,"column":0},"end":{"line":3,"column":69}},"3":{"start":{"line":4,"column":0},"end":{"line":4,"column":0}},"4":{"start":{"line":5,"column":0},"end":{"line":5,"column":47}},"5":{"start":{"line":6,"column":0},"end":{"line":6,"column":23}},"6":{"start":{"line":7,"column":0},"end":{"line":7,"column":39}},"7":{"start":{"line":8,"column":0},"end":{"line":8,"column":39}},"8":{"start":{"line":9,"column":0},"end":{"line":9,"column":63}},"9":{"start":{"line":10,"column":0},"end":{"line":10,"column":0}},"10":{"start":{"line":11,"column":0},"end":{"line":11,"column":28}},"11":{"start":{"line":12,"column":0},"end":{"line":12,"column":63}},"12":{"start":{"line":13,"column":0},"end":{"line":13,"column":36}},"13":{"start":{"line":14,"column":0},"end":{"line":14,"column":35}},"14":{"start":{"line":15,"column":0},"end":{"line":15,"column":14}},"15":{"start":{"line":16,"column":0},"end":{"line":16,"column":42}},"16":{"start":{"line":17,"column":0},"end":{"line":17,"column":42}},"17":{"start":{"line":18,"column":0},"end":{"line":18,"column":7}},"18":{"start":{"line":19,"column":0},"end":{"line":19,"column":5}},"19":{"start":{"line":20,"column":0},"end":{"line":20,"column":36}},"20":{"start":{"line":21,"column":0},"end":{"line":21,"column":40}},"21":{"start":{"line":22,"column":0},"end":{"line":22,"column":5}},"22":{"start":{"line":23,"column":0},"end":{"line":23,"column":36}},"23":{"start":{"line":24,"column":0},"end":{"line":24,"column":40}},"24":{"start":{"line":25,"column":0},"end":{"line":25,"column":5}},"25":{"start":{"line":26,"column":0},"end":{"line":26,"column":5}},"26":{"start":{"line":27,"column":0},"end":{"line":27,"column":19}},"27":{"start":{"line":28,"column":0},"end":{"line":28,"column":2}}},"s":{"0":1,"1":1,"2":1,"3":1,"4":1,"5":2,"6":2,"7":2,"8":2,"9":2,"10":2,"11":14,"12":6,"13":2,"14":6,"15":4,"16":4,"17":4,"18":6,"19":14,"20":4,"21":4,"22":14,"23":4,"24":4,"25":2,"26":2,"27":2},"branchMap":{"0":{"type":"branch","line":3,"loc":{"start":{"line":3,"column":29},"end":{"line":3,"column":68}},"locations":[{"start":{"line":3,"column":29},"end":{"line":3,"column":68}}]},"1":{"type":"branch","line":5,"loc":{"start":{"line":5,"column":30},"end":{"line":28,"column":2}},"locations":[{"start":{"line":5,"column":30},"end":{"line":28,"column":2}}]},"2":{"type":"branch","line":11,"loc":{"start":{"line":11,"column":19},"end":{"line":26,"column":3}},"locations":[{"start":{"line":11,"column":19},"end":{"line":26,"column":3}}]},"3":{"type":"branch","line":12,"loc":{"start":{"line":12,"column":32},"end":{"line":12,"column":60}},"locations":[{"start":{"line":12,"column":32},"end":{"line":12,"column":60}}]},"4":{"type":"branch","line":12,"loc":{"start":{"line":12,"column":62},"end":{"line":19,"column":5}},"locations":[{"start":{"line":12,"column":62},"end":{"line":19,"column":5}}]},"5":{"type":"branch","line":13,"loc":{"start":{"line":13,"column":35},"end":{"line":15,"column":7}},"locations":[{"start":{"line":13,"column":35},"end":{"line":15,"column":7}}]},"6":{"type":"branch","line":15,"loc":{"start":{"line":15,"column":7},"end":{"line":18,"column":7}},"locations":[{"start":{"line":15,"column":7},"end":{"line":18,"column":7}}]},"7":{"type":"branch","line":20,"loc":{"start":{"line":20,"column":35},"end":{"line":22,"column":5}},"locations":[{"start":{"line":20,"column":35},"end":{"line":22,"column":5}}]},"8":{"type":"branch","line":23,"loc":{"start":{"line":23,"column":35},"end":{"line":25,"column":5}},"locations":[{"start":{"line":23,"column":35},"end":{"line":25,"column":5}}]}},"b":{"0":[6],"1":[2],"2":[14],"3":[10],"4":[6],"5":[2],"6":[4],"7":[4],"8":[4]},"fnMap":{"0":{"name":"getExtension","decl":{"start":{"line":3,"column":29},"end":{"line":3,"column":68}},"loc":{"start":{"line":3,"column":29},"end":{"line":3,"column":68}},"line":3},"1":{"name":"compareObjects","decl":{"start":{"line":5,"column":30},"end":{"line":28,"column":2}},"loc":{"start":{"line":5,"column":30},"end":{"line":28,"column":2}},"line":5}},"f":{"0":6,"1":2}}
,"/Users/dmitrychigrin/Desktop/hexlet-js/frontend-project-46/src/parsers.js": {"path":"/Users/dmitrychigrin/Desktop/hexlet-js/frontend-project-46/src/parsers.js","all":false,"statementMap":{"0":{"start":{"line":1,"column":0},"end":{"line":1,"column":27}},"1":{"start":{"line":2,"column":0},"end":{"line":2,"column":42}},"2":{"start":{"line":3,"column":0},"end":{"line":3,"column":0}},"3":{"start":{"line":4,"column":0},"end":{"line":4,"column":42}},"4":{"start":{"line":5,"column":0},"end":{"line":5,"column":83}},"5":{"start":{"line":6,"column":0},"end":{"line":6,"column":35}},"6":{"start":{"line":7,"column":0},"end":{"line":7,"column":34}},"7":{"start":{"line":8,"column":0},"end":{"line":8,"column":2}},"8":{"start":{"line":9,"column":0},"end":{"line":9,"column":0}},"9":{"start":{"line":10,"column":0},"end":{"line":10,"column":21}}},"s":{"0":1,"1":1,"2":1,"3":1,"4":4,"5":2,"6":2,"7":2,"8":1,"9":1},"branchMap":{"0":{"type":"branch","line":4,"loc":{"start":{"line":4,"column":14},"end":{"line":8,"column":2}},"locations":[{"start":{"line":4,"column":14},"end":{"line":8,"column":2}}]},"1":{"type":"branch","line":5,"loc":{"start":{"line":5,"column":40},"end":{"line":5,"column":80}},"locations":[{"start":{"line":5,"column":40},"end":{"line":5,"column":80}}]},"2":{"type":"branch","line":5,"loc":{"start":{"line":5,"column":82},"end":{"line":8,"column":2}},"locations":[{"start":{"line":5,"column":82},"end":{"line":8,"column":2}}]}},"b":{"0":[4],"1":[2],"2":[2]},"fnMap":{"0":{"name":"parse","decl":{"start":{"line":4,"column":14},"end":{"line":8,"column":2}},"loc":{"start":{"line":4,"column":14},"end":{"line":8,"column":2}},"line":4}},"f":{"0":4}}
}
