{"/Users/dmitrychigrin/Desktop/hexlet-js/frontend-project-46/formatters/json.js": {"path":"/Users/dmitrychigrin/Desktop/hexlet-js/frontend-project-46/formatters/json.js","all":false,"statementMap":{"0":{"start":{"line":1,"column":0},"end":{"line":1,"column":46}},"1":{"start":{"line":2,"column":0},"end":{"line":2,"column":0}},"2":{"start":{"line":3,"column":0},"end":{"line":3,"column":20}}},"s":{"0":1,"1":1,"2":1},"branchMap":{"0":{"type":"branch","line":1,"loc":{"start":{"line":1,"column":14},"end":{"line":1,"column":45}},"locations":[{"start":{"line":1,"column":14},"end":{"line":1,"column":45}}]}},"b":{"0":[1]},"fnMap":{"0":{"name":"json","decl":{"start":{"line":1,"column":14},"end":{"line":1,"column":45}},"loc":{"start":{"line":1,"column":14},"end":{"line":1,"column":45}},"line":1}},"f":{"0":1}}
,"/Users/dmitrychigrin/Desktop/hexlet-js/frontend-project-46/formatters/plain.js": {"path":"/Users/dmitrychigrin/Desktop/hexlet-js/frontend-project-46/formatters/plain.js","all":false,"statementMap":{"0":{"start":{"line":1,"column":0},"end":{"line":1,"column":23}},"1":{"start":{"line":2,"column":0},"end":{"line":2,"column":93}},"2":{"start":{"line":3,"column":0},"end":{"line":3,"column":0}},"3":{"start":{"line":4,"column":0},"end":{"line":4,"column":26}},"4":{"start":{"line":5,"column":0},"end":{"line":5,"column":38}},"5":{"start":{"line":6,"column":0},"end":{"line":6,"column":20}},"6":{"start":{"line":7,"column":0},"end":{"line":7,"column":35}},"7":{"start":{"line":8,"column":0},"end":{"line":8,"column":27}},"8":{"start":{"line":9,"column":0},"end":{"line":9,"column":61}},"9":{"start":{"line":10,"column":0},"end":{"line":10,"column":25}},"10":{"start":{"line":11,"column":0},"end":{"line":11,"column":7}},"11":{"start":{"line":12,"column":0},"end":{"line":12,"column":46}},"12":{"start":{"line":13,"column":0},"end":{"line":13,"column":45}},"13":{"start":{"line":14,"column":0},"end":{"line":14,"column":48}},"14":{"start":{"line":15,"column":0},"end":{"line":15,"column":110}},"15":{"start":{"line":16,"column":0},"end":{"line":16,"column":29}},"16":{"start":{"line":17,"column":0},"end":{"line":17,"column":46}},"17":{"start":{"line":18,"column":0},"end":{"line":18,"column":25}},"18":{"start":{"line":19,"column":0},"end":{"line":19,"column":14}},"19":{"start":{"line":20,"column":0},"end":{"line":20,"column":18}},"20":{"start":{"line":21,"column":0},"end":{"line":21,"column":49}},"21":{"start":{"line":22,"column":0},"end":{"line":22,"column":68}},"22":{"start":{"line":23,"column":0},"end":{"line":23,"column":67}},"23":{"start":{"line":24,"column":0},"end":{"line":24,"column":34}},"24":{"start":{"line":25,"column":0},"end":{"line":25,"column":37}},"25":{"start":{"line":26,"column":0},"end":{"line":26,"column":176}},"26":{"start":{"line":27,"column":0},"end":{"line":27,"column":9}},"27":{"start":{"line":28,"column":0},"end":{"line":28,"column":53}},"28":{"start":{"line":29,"column":0},"end":{"line":29,"column":68}},"29":{"start":{"line":30,"column":0},"end":{"line":30,"column":67}},"30":{"start":{"line":31,"column":0},"end":{"line":31,"column":44}},"31":{"start":{"line":32,"column":0},"end":{"line":32,"column":155}},"32":{"start":{"line":33,"column":0},"end":{"line":33,"column":9}},"33":{"start":{"line":34,"column":0},"end":{"line":34,"column":52}},"34":{"start":{"line":35,"column":0},"end":{"line":35,"column":68}},"35":{"start":{"line":36,"column":0},"end":{"line":36,"column":67}},"36":{"start":{"line":37,"column":0},"end":{"line":37,"column":42}},"37":{"start":{"line":38,"column":0},"end":{"line":38,"column":37}},"38":{"start":{"line":39,"column":0},"end":{"line":39,"column":153}},"39":{"start":{"line":40,"column":0},"end":{"line":40,"column":9}},"40":{"start":{"line":41,"column":0},"end":{"line":41,"column":0}},"41":{"start":{"line":42,"column":0},"end":{"line":42,"column":66}},"42":{"start":{"line":43,"column":0},"end":{"line":43,"column":68}},"43":{"start":{"line":44,"column":0},"end":{"line":44,"column":68}},"44":{"start":{"line":45,"column":0},"end":{"line":45,"column":66}},"45":{"start":{"line":46,"column":0},"end":{"line":46,"column":90}},"46":{"start":{"line":47,"column":0},"end":{"line":47,"column":9}},"47":{"start":{"line":48,"column":0},"end":{"line":48,"column":68}},"48":{"start":{"line":49,"column":0},"end":{"line":49,"column":68}},"49":{"start":{"line":50,"column":0},"end":{"line":50,"column":65}},"50":{"start":{"line":51,"column":0},"end":{"line":51,"column":66}},"51":{"start":{"line":52,"column":0},"end":{"line":52,"column":9}},"52":{"start":{"line":53,"column":0},"end":{"line":53,"column":30}},"53":{"start":{"line":54,"column":0},"end":{"line":54,"column":69}},"54":{"start":{"line":55,"column":0},"end":{"line":55,"column":67}},"55":{"start":{"line":56,"column":0},"end":{"line":56,"column":37}},"56":{"start":{"line":57,"column":0},"end":{"line":57,"column":130}},"57":{"start":{"line":58,"column":0},"end":{"line":58,"column":9}},"58":{"start":{"line":59,"column":0},"end":{"line":59,"column":69}},"59":{"start":{"line":60,"column":0},"end":{"line":60,"column":67}},"60":{"start":{"line":61,"column":0},"end":{"line":61,"column":91}},"61":{"start":{"line":62,"column":0},"end":{"line":62,"column":116}},"62":{"start":{"line":63,"column":0},"end":{"line":63,"column":9}},"63":{"start":{"line":64,"column":0},"end":{"line":64,"column":69}},"64":{"start":{"line":65,"column":0},"end":{"line":65,"column":67}},"65":{"start":{"line":66,"column":0},"end":{"line":66,"column":90}},"66":{"start":{"line":67,"column":0},"end":{"line":67,"column":92}},"67":{"start":{"line":68,"column":0},"end":{"line":68,"column":9}},"68":{"start":{"line":69,"column":0},"end":{"line":69,"column":7}},"69":{"start":{"line":70,"column":0},"end":{"line":70,"column":7}},"70":{"start":{"line":71,"column":0},"end":{"line":71,"column":0}},"71":{"start":{"line":72,"column":0},"end":{"line":72,"column":18}},"72":{"start":{"line":73,"column":0},"end":{"line":73,"column":4}},"73":{"start":{"line":74,"column":0},"end":{"line":74,"column":32}},"74":{"start":{"line":75,"column":0},"end":{"line":75,"column":2}},"75":{"start":{"line":76,"column":0},"end":{"line":76,"column":0}},"76":{"start":{"line":77,"column":0},"end":{"line":77,"column":21}}},"s":{"0":1,"1":1,"2":1,"3":1,"4":1,"5":5,"6":5,"7":5,"8":22,"9":4,"10":4,"11":22,"12":22,"13":22,"14":22,"15":4,"16":4,"17":4,"18":22,"19":18,"20":18,"21":18,"22":10,"23":8,"24":18,"25":3,"26":3,"27":18,"28":18,"29":10,"30":18,"31":0,"32":0,"33":18,"34":18,"35":10,"36":8,"37":18,"38":1,"39":1,"40":18,"41":18,"42":18,"43":10,"44":18,"45":1,"46":1,"47":18,"48":10,"49":18,"50":1,"51":1,"52":18,"53":18,"54":8,"55":18,"56":3,"57":3,"58":18,"59":8,"60":18,"61":1,"62":1,"63":18,"64":8,"65":18,"66":1,"67":1,"68":18,"69":5,"70":5,"71":5,"72":1,"73":1,"74":1,"75":1,"76":1},"branchMap":{"0":{"type":"branch","line":2,"loc":{"start":{"line":2,"column":25},"end":{"line":2,"column":92}},"locations":[{"start":{"line":2,"column":25},"end":{"line":2,"column":92}}]},"1":{"type":"branch","line":2,"loc":{"start":{"line":2,"column":63},"end":{"line":2,"column":78}},"locations":[{"start":{"line":2,"column":63},"end":{"line":2,"column":78}}]},"2":{"type":"branch","line":2,"loc":{"start":{"line":2,"column":78},"end":{"line":2,"column":92}},"locations":[{"start":{"line":2,"column":78},"end":{"line":2,"column":92}}]},"3":{"type":"branch","line":4,"loc":{"start":{"line":4,"column":15},"end":{"line":75,"column":2}},"locations":[{"start":{"line":4,"column":15},"end":{"line":75,"column":2}}]},"4":{"type":"branch","line":5,"loc":{"start":{"line":5,"column":15},"end":{"line":73,"column":3}},"locations":[{"start":{"line":5,"column":15},"end":{"line":73,"column":3}}]},"5":{"type":"branch","line":8,"loc":{"start":{"line":8,"column":18},"end":{"line":70,"column":5}},"locations":[{"start":{"line":8,"column":18},"end":{"line":70,"column":5}}]},"6":{"type":"branch","line":9,"loc":{"start":{"line":9,"column":60},"end":{"line":11,"column":7}},"locations":[{"start":{"line":9,"column":60},"end":{"line":11,"column":7}}]},"7":{"type":"branch","line":15,"loc":{"start":{"line":15,"column":43},"end":{"line":15,"column":67}},"locations":[{"start":{"line":15,"column":43},"end":{"line":15,"column":67}}]},"8":{"type":"branch","line":15,"loc":{"start":{"line":15,"column":67},"end":{"line":15,"column":87}},"locations":[{"start":{"line":15,"column":67},"end":{"line":15,"column":87}}]},"9":{"type":"branch","line":15,"loc":{"start":{"line":15,"column":87},"end":{"line":15,"column":107}},"locations":[{"start":{"line":15,"column":87},"end":{"line":15,"column":107}}]},"10":{"type":"branch","line":15,"loc":{"start":{"line":15,"column":109},"end":{"line":19,"column":7}},"locations":[{"start":{"line":15,"column":109},"end":{"line":19,"column":7}}]},"11":{"type":"branch","line":19,"loc":{"start":{"line":19,"column":7},"end":{"line":69,"column":7}},"locations":[{"start":{"line":19,"column":7},"end":{"line":69,"column":7}}]},"12":{"type":"branch","line":23,"loc":{"start":{"line":23,"column":-1},"end":{"line":23,"column":67}},"locations":[{"start":{"line":23,"column":-1},"end":{"line":23,"column":67}}]},"13":{"type":"branch","line":24,"loc":{"start":{"line":24,"column":-1},"end":{"line":24,"column":34}},"locations":[{"start":{"line":24,"column":-1},"end":{"line":24,"column":34}}]},"14":{"type":"branch","line":25,"loc":{"start":{"line":25,"column":-1},"end":{"line":25,"column":34}},"locations":[{"start":{"line":25,"column":-1},"end":{"line":25,"column":34}}]},"15":{"type":"branch","line":25,"loc":{"start":{"line":25,"column":36},"end":{"line":27,"column":9}},"locations":[{"start":{"line":25,"column":36},"end":{"line":27,"column":9}}]},"16":{"type":"branch","line":30,"loc":{"start":{"line":30,"column":-1},"end":{"line":30,"column":67}},"locations":[{"start":{"line":30,"column":-1},"end":{"line":30,"column":67}}]},"17":{"type":"branch","line":31,"loc":{"start":{"line":31,"column":-1},"end":{"line":31,"column":41}},"locations":[{"start":{"line":31,"column":-1},"end":{"line":31,"column":41}}]},"18":{"type":"branch","line":31,"loc":{"start":{"line":31,"column":43},"end":{"line":33,"column":9}},"locations":[{"start":{"line":31,"column":43},"end":{"line":33,"column":9}}]},"19":{"type":"branch","line":36,"loc":{"start":{"line":36,"column":-1},"end":{"line":36,"column":67}},"locations":[{"start":{"line":36,"column":-1},"end":{"line":36,"column":67}}]},"20":{"type":"branch","line":37,"loc":{"start":{"line":37,"column":-1},"end":{"line":37,"column":42}},"locations":[{"start":{"line":37,"column":-1},"end":{"line":37,"column":42}}]},"21":{"type":"branch","line":38,"loc":{"start":{"line":38,"column":-1},"end":{"line":38,"column":34}},"locations":[{"start":{"line":38,"column":-1},"end":{"line":38,"column":34}}]},"22":{"type":"branch","line":38,"loc":{"start":{"line":38,"column":36},"end":{"line":40,"column":9}},"locations":[{"start":{"line":38,"column":36},"end":{"line":40,"column":9}}]},"23":{"type":"branch","line":44,"loc":{"start":{"line":44,"column":-1},"end":{"line":44,"column":68}},"locations":[{"start":{"line":44,"column":-1},"end":{"line":44,"column":68}}]},"24":{"type":"branch","line":45,"loc":{"start":{"line":45,"column":-1},"end":{"line":45,"column":63}},"locations":[{"start":{"line":45,"column":-1},"end":{"line":45,"column":63}}]},"25":{"type":"branch","line":45,"loc":{"start":{"line":45,"column":65},"end":{"line":47,"column":9}},"locations":[{"start":{"line":45,"column":65},"end":{"line":47,"column":9}}]},"26":{"type":"branch","line":49,"loc":{"start":{"line":49,"column":-1},"end":{"line":49,"column":68}},"locations":[{"start":{"line":49,"column":-1},"end":{"line":49,"column":68}}]},"27":{"type":"branch","line":50,"loc":{"start":{"line":50,"column":-1},"end":{"line":50,"column":62}},"locations":[{"start":{"line":50,"column":-1},"end":{"line":50,"column":62}}]},"28":{"type":"branch","line":50,"loc":{"start":{"line":50,"column":64},"end":{"line":52,"column":9}},"locations":[{"start":{"line":50,"column":64},"end":{"line":52,"column":9}}]},"29":{"type":"branch","line":55,"loc":{"start":{"line":55,"column":-1},"end":{"line":55,"column":67}},"locations":[{"start":{"line":55,"column":-1},"end":{"line":55,"column":67}}]},"30":{"type":"branch","line":56,"loc":{"start":{"line":56,"column":-1},"end":{"line":56,"column":34}},"locations":[{"start":{"line":56,"column":-1},"end":{"line":56,"column":34}}]},"31":{"type":"branch","line":56,"loc":{"start":{"line":56,"column":36},"end":{"line":58,"column":9}},"locations":[{"start":{"line":56,"column":36},"end":{"line":58,"column":9}}]},"32":{"type":"branch","line":60,"loc":{"start":{"line":60,"column":-1},"end":{"line":60,"column":67}},"locations":[{"start":{"line":60,"column":-1},"end":{"line":60,"column":67}}]},"33":{"type":"branch","line":61,"loc":{"start":{"line":61,"column":-1},"end":{"line":61,"column":33}},"locations":[{"start":{"line":61,"column":-1},"end":{"line":61,"column":33}}]},"34":{"type":"branch","line":61,"loc":{"start":{"line":61,"column":33},"end":{"line":61,"column":88}},"locations":[{"start":{"line":61,"column":33},"end":{"line":61,"column":88}}]},"35":{"type":"branch","line":61,"loc":{"start":{"line":61,"column":90},"end":{"line":63,"column":9}},"locations":[{"start":{"line":61,"column":90},"end":{"line":63,"column":9}}]},"36":{"type":"branch","line":65,"loc":{"start":{"line":65,"column":-1},"end":{"line":65,"column":67}},"locations":[{"start":{"line":65,"column":-1},"end":{"line":65,"column":67}}]},"37":{"type":"branch","line":66,"loc":{"start":{"line":66,"column":-1},"end":{"line":66,"column":33}},"locations":[{"start":{"line":66,"column":-1},"end":{"line":66,"column":33}}]},"38":{"type":"branch","line":66,"loc":{"start":{"line":66,"column":33},"end":{"line":66,"column":87}},"locations":[{"start":{"line":66,"column":33},"end":{"line":66,"column":87}}]},"39":{"type":"branch","line":66,"loc":{"start":{"line":66,"column":89},"end":{"line":68,"column":9}},"locations":[{"start":{"line":66,"column":89},"end":{"line":68,"column":9}}]}},"b":{"0":[10],"1":[7],"2":[3],"3":[1],"4":[5],"5":[22],"6":[4],"7":[9],"8":[8],"9":[6],"10":[4],"11":[18],"12":[10],"13":[8],"14":[7],"15":[3],"16":[10],"17":[8],"18":[0],"19":[10],"20":[8],"21":[2],"22":[1],"23":[10],"24":[2],"25":[1],"26":[10],"27":[2],"28":[1],"29":[8],"30":[5],"31":[3],"32":[8],"33":[5],"34":[2],"35":[1],"36":[8],"37":[5],"38":[2],"39":[1]},"fnMap":{"0":{"name":"normalizeQuotes","decl":{"start":{"line":2,"column":25},"end":{"line":2,"column":92}},"loc":{"start":{"line":2,"column":25},"end":{"line":2,"column":92}},"line":2},"1":{"name":"plain","decl":{"start":{"line":4,"column":15},"end":{"line":75,"column":2}},"loc":{"start":{"line":4,"column":15},"end":{"line":75,"column":2}},"line":4},"2":{"name":"iter","decl":{"start":{"line":5,"column":15},"end":{"line":73,"column":3}},"loc":{"start":{"line":5,"column":15},"end":{"line":73,"column":3}},"line":5}},"f":{"0":10,"1":1,"2":5}}
,"/Users/dmitrychigrin/Desktop/hexlet-js/frontend-project-46/formatters/stylish.js": {"path":"/Users/dmitrychigrin/Desktop/hexlet-js/frontend-project-46/formatters/stylish.js","all":false,"statementMap":{"0":{"start":{"line":1,"column":0},"end":{"line":1,"column":65}},"1":{"start":{"line":2,"column":0},"end":{"line":2,"column":33}},"2":{"start":{"line":3,"column":0},"end":{"line":3,"column":20}},"3":{"start":{"line":4,"column":0},"end":{"line":4,"column":0}},"4":{"start":{"line":5,"column":0},"end":{"line":5,"column":58}},"5":{"start":{"line":6,"column":0},"end":{"line":6,"column":26}},"6":{"start":{"line":7,"column":0},"end":{"line":7,"column":5}},"7":{"start":{"line":8,"column":0},"end":{"line":8,"column":0}},"8":{"start":{"line":9,"column":0},"end":{"line":9,"column":84}},"9":{"start":{"line":10,"column":0},"end":{"line":10,"column":30}},"10":{"start":{"line":11,"column":0},"end":{"line":11,"column":37}},"11":{"start":{"line":12,"column":0},"end":{"line":12,"column":0}},"12":{"start":{"line":13,"column":0},"end":{"line":13,"column":25}},"13":{"start":{"line":14,"column":0},"end":{"line":14,"column":71}},"14":{"start":{"line":15,"column":0},"end":{"line":15,"column":127}},"15":{"start":{"line":16,"column":0},"end":{"line":16,"column":16}},"16":{"start":{"line":17,"column":0},"end":{"line":17,"column":121}},"17":{"start":{"line":18,"column":0},"end":{"line":18,"column":9}},"18":{"start":{"line":19,"column":0},"end":{"line":19,"column":22}},"19":{"start":{"line":20,"column":0},"end":{"line":20,"column":9}},"20":{"start":{"line":21,"column":0},"end":{"line":21,"column":0}},"21":{"start":{"line":22,"column":0},"end":{"line":22,"column":71}},"22":{"start":{"line":23,"column":0},"end":{"line":23,"column":5}},"23":{"start":{"line":24,"column":0},"end":{"line":24,"column":18}},"24":{"start":{"line":25,"column":0},"end":{"line":25,"column":4}},"25":{"start":{"line":26,"column":0},"end":{"line":26,"column":24}},"26":{"start":{"line":27,"column":0},"end":{"line":27,"column":2}},"27":{"start":{"line":28,"column":0},"end":{"line":28,"column":0}},"28":{"start":{"line":29,"column":0},"end":{"line":29,"column":23}}},"s":{"0":1,"1":2,"2":64,"3":64,"4":64,"5":40,"6":40,"7":64,"8":64,"9":24,"10":24,"11":24,"12":24,"13":62,"14":36,"15":62,"16":26,"17":26,"18":62,"19":24,"20":24,"21":24,"22":24,"23":64,"24":2,"25":2,"26":2,"27":1,"28":1},"branchMap":{"0":{"type":"branch","line":1,"loc":{"start":{"line":1,"column":16},"end":{"line":27,"column":2}},"locations":[{"start":{"line":1,"column":16},"end":{"line":27,"column":2}}]},"1":{"type":"branch","line":2,"loc":{"start":{"line":2,"column":15},"end":{"line":25,"column":3}},"locations":[{"start":{"line":2,"column":15},"end":{"line":25,"column":3}}]},"2":{"type":"branch","line":5,"loc":{"start":{"line":5,"column":35},"end":{"line":5,"column":55}},"locations":[{"start":{"line":5,"column":35},"end":{"line":5,"column":55}}]},"3":{"type":"branch","line":5,"loc":{"start":{"line":5,"column":57},"end":{"line":7,"column":5}},"locations":[{"start":{"line":5,"column":57},"end":{"line":7,"column":5}}]},"4":{"type":"branch","line":9,"loc":{"start":{"line":9,"column":35},"end":{"line":9,"column":62}},"locations":[{"start":{"line":9,"column":35},"end":{"line":9,"column":62}}]},"5":{"type":"branch","line":9,"loc":{"start":{"line":9,"column":62},"end":{"line":9,"column":81}},"locations":[{"start":{"line":9,"column":62},"end":{"line":9,"column":81}}]},"6":{"type":"branch","line":9,"loc":{"start":{"line":9,"column":83},"end":{"line":23,"column":5}},"locations":[{"start":{"line":9,"column":83},"end":{"line":23,"column":5}}]},"7":{"type":"branch","line":13,"loc":{"start":{"line":13,"column":16},"end":{"line":20,"column":7}},"locations":[{"start":{"line":13,"column":16},"end":{"line":20,"column":7}}]},"8":{"type":"branch","line":14,"loc":{"start":{"line":14,"column":27},"end":{"line":14,"column":48}},"locations":[{"start":{"line":14,"column":27},"end":{"line":14,"column":48}}]},"9":{"type":"branch","line":14,"loc":{"start":{"line":14,"column":48},"end":{"line":14,"column":68}},"locations":[{"start":{"line":14,"column":48},"end":{"line":14,"column":68}}]},"10":{"type":"branch","line":14,"loc":{"start":{"line":14,"column":70},"end":{"line":16,"column":9}},"locations":[{"start":{"line":14,"column":70},"end":{"line":16,"column":9}}]},"11":{"type":"branch","line":16,"loc":{"start":{"line":16,"column":9},"end":{"line":18,"column":9}},"locations":[{"start":{"line":16,"column":9},"end":{"line":18,"column":9}}]}},"b":{"0":[2],"1":[64],"2":[26],"3":[40],"4":[26],"5":[26],"6":[24],"7":[62],"8":[50],"9":[32],"10":[36],"11":[26]},"fnMap":{"0":{"name":"stylish","decl":{"start":{"line":1,"column":16},"end":{"line":27,"column":2}},"loc":{"start":{"line":1,"column":16},"end":{"line":27,"column":2}},"line":1},"1":{"name":"iter","decl":{"start":{"line":2,"column":15},"end":{"line":25,"column":3}},"loc":{"start":{"line":2,"column":15},"end":{"line":25,"column":3}},"line":2}},"f":{"0":2,"1":64}}
,"/Users/dmitrychigrin/Desktop/hexlet-js/frontend-project-46/src/generateDifferences.js": {"path":"/Users/dmitrychigrin/Desktop/hexlet-js/frontend-project-46/src/generateDifferences.js","all":false,"statementMap":{"0":{"start":{"line":1,"column":0},"end":{"line":1,"column":25}},"1":{"start":{"line":2,"column":0},"end":{"line":2,"column":24}},"2":{"start":{"line":3,"column":0},"end":{"line":3,"column":44}},"3":{"start":{"line":4,"column":0},"end":{"line":4,"column":33}},"4":{"start":{"line":5,"column":0},"end":{"line":5,"column":0}},"5":{"start":{"line":6,"column":0},"end":{"line":6,"column":55}},"6":{"start":{"line":7,"column":0},"end":{"line":7,"column":79}},"7":{"start":{"line":8,"column":0},"end":{"line":8,"column":79}},"8":{"start":{"line":9,"column":0},"end":{"line":9,"column":0}},"9":{"start":{"line":10,"column":0},"end":{"line":10,"column":46}},"10":{"start":{"line":11,"column":0},"end":{"line":11,"column":46}},"11":{"start":{"line":12,"column":0},"end":{"line":12,"column":36}},"12":{"start":{"line":13,"column":0},"end":{"line":13,"column":2}},"13":{"start":{"line":14,"column":0},"end":{"line":14,"column":0}},"14":{"start":{"line":15,"column":0},"end":{"line":15,"column":35}}},"s":{"0":1,"1":1,"2":1,"3":1,"4":1,"5":1,"6":4,"7":4,"8":4,"9":4,"10":4,"11":4,"12":4,"13":1,"14":1},"branchMap":{"0":{"type":"branch","line":6,"loc":{"start":{"line":6,"column":28},"end":{"line":13,"column":2}},"locations":[{"start":{"line":6,"column":28},"end":{"line":13,"column":2}}]}},"b":{"0":[4]},"fnMap":{"0":{"name":"generateDifferences","decl":{"start":{"line":6,"column":28},"end":{"line":13,"column":2}},"loc":{"start":{"line":6,"column":28},"end":{"line":13,"column":2}},"line":6}},"f":{"0":4}}
,"/Users/dmitrychigrin/Desktop/hexlet-js/frontend-project-46/src/index.js": {"path":"/Users/dmitrychigrin/Desktop/hexlet-js/frontend-project-46/src/index.js","all":false,"statementMap":{"0":{"start":{"line":1,"column":0},"end":{"line":1,"column":23}},"1":{"start":{"line":2,"column":0},"end":{"line":2,"column":0}},"2":{"start":{"line":3,"column":0},"end":{"line":3,"column":69}},"3":{"start":{"line":4,"column":0},"end":{"line":4,"column":0}},"4":{"start":{"line":5,"column":0},"end":{"line":5,"column":47}},"5":{"start":{"line":6,"column":0},"end":{"line":6,"column":23}},"6":{"start":{"line":7,"column":0},"end":{"line":7,"column":39}},"7":{"start":{"line":8,"column":0},"end":{"line":8,"column":39}},"8":{"start":{"line":9,"column":0},"end":{"line":9,"column":63}},"9":{"start":{"line":10,"column":0},"end":{"line":10,"column":0}},"10":{"start":{"line":11,"column":0},"end":{"line":11,"column":28}},"11":{"start":{"line":12,"column":0},"end":{"line":12,"column":63}},"12":{"start":{"line":13,"column":0},"end":{"line":13,"column":63}},"13":{"start":{"line":14,"column":0},"end":{"line":14,"column":62}},"14":{"start":{"line":15,"column":0},"end":{"line":15,"column":45}},"15":{"start":{"line":16,"column":0},"end":{"line":16,"column":42}},"16":{"start":{"line":17,"column":0},"end":{"line":17,"column":14}},"17":{"start":{"line":18,"column":0},"end":{"line":18,"column":51}},"18":{"start":{"line":19,"column":0},"end":{"line":19,"column":51}},"19":{"start":{"line":20,"column":0},"end":{"line":20,"column":7}},"20":{"start":{"line":21,"column":0},"end":{"line":21,"column":5}},"21":{"start":{"line":22,"column":0},"end":{"line":22,"column":36}},"22":{"start":{"line":23,"column":0},"end":{"line":23,"column":49}},"23":{"start":{"line":24,"column":0},"end":{"line":24,"column":5}},"24":{"start":{"line":25,"column":0},"end":{"line":25,"column":36}},"25":{"start":{"line":26,"column":0},"end":{"line":26,"column":49}},"26":{"start":{"line":27,"column":0},"end":{"line":27,"column":5}},"27":{"start":{"line":28,"column":0},"end":{"line":28,"column":5}},"28":{"start":{"line":29,"column":0},"end":{"line":29,"column":19}},"29":{"start":{"line":30,"column":0},"end":{"line":30,"column":2}}},"s":{"0":1,"1":1,"2":1,"3":1,"4":1,"5":20,"6":20,"7":20,"8":20,"9":20,"10":20,"11":72,"12":44,"13":16,"14":44,"15":12,"16":28,"17":16,"18":16,"19":16,"20":44,"21":72,"22":20,"23":20,"24":72,"25":8,"26":8,"27":20,"28":20,"29":20},"branchMap":{"0":{"type":"branch","line":3,"loc":{"start":{"line":3,"column":29},"end":{"line":3,"column":68}},"locations":[{"start":{"line":3,"column":29},"end":{"line":3,"column":68}}]},"1":{"type":"branch","line":5,"loc":{"start":{"line":5,"column":30},"end":{"line":30,"column":2}},"locations":[{"start":{"line":5,"column":30},"end":{"line":30,"column":2}}]},"2":{"type":"branch","line":11,"loc":{"start":{"line":11,"column":19},"end":{"line":28,"column":3}},"locations":[{"start":{"line":11,"column":19},"end":{"line":28,"column":3}}]},"3":{"type":"branch","line":12,"loc":{"start":{"line":12,"column":32},"end":{"line":12,"column":60}},"locations":[{"start":{"line":12,"column":32},"end":{"line":12,"column":60}}]},"4":{"type":"branch","line":12,"loc":{"start":{"line":12,"column":62},"end":{"line":21,"column":5}},"locations":[{"start":{"line":12,"column":62},"end":{"line":21,"column":5}}]},"5":{"type":"branch","line":13,"loc":{"start":{"line":13,"column":32},"end":{"line":13,"column":60}},"locations":[{"start":{"line":13,"column":32},"end":{"line":13,"column":60}}]},"6":{"type":"branch","line":13,"loc":{"start":{"line":13,"column":62},"end":{"line":15,"column":7}},"locations":[{"start":{"line":13,"column":62},"end":{"line":15,"column":7}}]},"7":{"type":"branch","line":15,"loc":{"start":{"line":15,"column":7},"end":{"line":20,"column":7}},"locations":[{"start":{"line":15,"column":7},"end":{"line":20,"column":7}}]},"8":{"type":"branch","line":15,"loc":{"start":{"line":15,"column":44},"end":{"line":17,"column":7}},"locations":[{"start":{"line":15,"column":44},"end":{"line":17,"column":7}}]},"9":{"type":"branch","line":17,"loc":{"start":{"line":17,"column":7},"end":{"line":20,"column":7}},"locations":[{"start":{"line":17,"column":7},"end":{"line":20,"column":7}}]},"10":{"type":"branch","line":22,"loc":{"start":{"line":22,"column":35},"end":{"line":24,"column":5}},"locations":[{"start":{"line":22,"column":35},"end":{"line":24,"column":5}}]},"11":{"type":"branch","line":25,"loc":{"start":{"line":25,"column":35},"end":{"line":27,"column":5}},"locations":[{"start":{"line":25,"column":35},"end":{"line":27,"column":5}}]}},"b":{"0":[14],"1":[20],"2":[72],"3":[52],"4":[44],"5":[20],"6":[16],"7":[28],"8":[12],"9":[16],"10":[20],"11":[8]},"fnMap":{"0":{"name":"getExtension","decl":{"start":{"line":3,"column":29},"end":{"line":3,"column":68}},"loc":{"start":{"line":3,"column":29},"end":{"line":3,"column":68}},"line":3},"1":{"name":"compareObjects","decl":{"start":{"line":5,"column":30},"end":{"line":30,"column":2}},"loc":{"start":{"line":5,"column":30},"end":{"line":30,"column":2}},"line":5}},"f":{"0":14,"1":20}}
,"/Users/dmitrychigrin/Desktop/hexlet-js/frontend-project-46/src/parsers.js": {"path":"/Users/dmitrychigrin/Desktop/hexlet-js/frontend-project-46/src/parsers.js","all":false,"statementMap":{"0":{"start":{"line":1,"column":0},"end":{"line":1,"column":27}},"1":{"start":{"line":2,"column":0},"end":{"line":2,"column":42}},"2":{"start":{"line":3,"column":0},"end":{"line":3,"column":0}},"3":{"start":{"line":4,"column":0},"end":{"line":4,"column":42}},"4":{"start":{"line":5,"column":0},"end":{"line":5,"column":83}},"5":{"start":{"line":6,"column":0},"end":{"line":6,"column":35}},"6":{"start":{"line":7,"column":0},"end":{"line":7,"column":3}},"7":{"start":{"line":8,"column":0},"end":{"line":8,"column":32}},"8":{"start":{"line":9,"column":0},"end":{"line":9,"column":2}},"9":{"start":{"line":10,"column":0},"end":{"line":10,"column":0}},"10":{"start":{"line":11,"column":0},"end":{"line":11,"column":21}}},"s":{"0":1,"1":1,"2":1,"3":1,"4":8,"5":6,"6":6,"7":2,"8":2,"9":1,"10":1},"branchMap":{"0":{"type":"branch","line":4,"loc":{"start":{"line":4,"column":14},"end":{"line":9,"column":2}},"locations":[{"start":{"line":4,"column":14},"end":{"line":9,"column":2}}]},"1":{"type":"branch","line":5,"loc":{"start":{"line":5,"column":40},"end":{"line":5,"column":80}},"locations":[{"start":{"line":5,"column":40},"end":{"line":5,"column":80}}]},"2":{"type":"branch","line":5,"loc":{"start":{"line":5,"column":82},"end":{"line":7,"column":3}},"locations":[{"start":{"line":5,"column":82},"end":{"line":7,"column":3}}]},"3":{"type":"branch","line":7,"loc":{"start":{"line":7,"column":2},"end":{"line":9,"column":2}},"locations":[{"start":{"line":7,"column":2},"end":{"line":9,"column":2}}]}},"b":{"0":[8],"1":[6],"2":[6],"3":[2]},"fnMap":{"0":{"name":"parse","decl":{"start":{"line":4,"column":14},"end":{"line":9,"column":2}},"loc":{"start":{"line":4,"column":14},"end":{"line":9,"column":2}},"line":4}},"f":{"0":8}}
}
