TN:
SF:src/generateDifferences.js
FN:6,(anonymous_0)
FN:12,(anonymous_1)
FN:31,(anonymous_2)
FNF:3
FNH:3
FNDA:1,(anonymous_0)
FNDA:7,(anonymous_1)
FNDA:1,(anonymous_2)
DA:6,1
DA:7,1
DA:8,1
DA:9,1
DA:10,1
DA:12,1
DA:13,7
DA:14,3
DA:15,1
DA:17,2
DA:18,2
DA:21,7
DA:22,2
DA:24,7
DA:25,2
DA:28,1
DA:31,1
DA:32,1
DA:33,1
DA:34,1
DA:36,1
DA:37,1
DA:39,1
DA:41,1
DA:43,0
LF:25
LH:24
BRDA:13,0,0,3
BRDA:13,0,1,4
BRDA:13,1,0,7
BRDA:13,1,1,5
BRDA:14,2,0,1
BRDA:14,2,1,2
BRDA:21,3,0,2
BRDA:21,3,1,5
BRDA:24,4,0,2
BRDA:24,4,1,5
BRDA:32,5,0,1
BRDA:32,5,1,0
BRDA:32,6,0,1
BRDA:32,6,1,1
BRF:14
BRH:13
end_of_record
TN:
SF:src/index.js
FN:3,(anonymous_0)
FNF:1
FNH:1
FNDA:2,(anonymous_0)
DA:3,2
LF:1
LH:1
BRF:0
BRH:0
end_of_record
