TN:
SF:src/generateDifferences.js
FN:6,generateDifferences
FNF:1
FNH:1
FNDA:3,generateDifferences
DA:1,1
DA:2,1
DA:3,1
DA:4,1
DA:5,1
DA:6,1
DA:7,3
DA:8,3
DA:9,3
DA:10,3
DA:11,3
DA:12,3
DA:13,3
DA:14,3
DA:15,3
DA:16,3
DA:17,1
DA:18,1
LF:18
LH:18
BRDA:6,0,0,3
BRDA:15,1,0,0
BRF:2
BRH:1
end_of_record
TN:
SF:src/index.js
FN:3,getExtension
FN:5,compareObjects
FNF:2
FNH:2
FNDA:10,getExtension
FNDA:3,compareObjects
DA:1,1
DA:2,1
DA:3,1
DA:4,1
DA:5,1
DA:6,3
DA:7,3
DA:8,3
DA:9,3
DA:10,3
DA:11,3
DA:12,18
DA:13,8
DA:14,2
DA:15,8
DA:16,6
DA:17,6
DA:18,6
DA:19,8
DA:20,18
DA:21,5
DA:22,5
DA:23,18
DA:24,5
DA:25,5
DA:26,3
DA:27,3
DA:28,3
LF:28
LH:28
BRDA:3,0,0,10
BRDA:5,1,0,3
BRDA:11,2,0,18
BRDA:12,3,0,13
BRDA:12,4,0,8
BRDA:13,5,0,2
BRDA:15,6,0,6
BRDA:20,7,0,5
BRDA:23,8,0,5
BRF:9
BRH:9
end_of_record
TN:
SF:src/parsers.js
FN:4,parse
FNF:1
FNH:1
FNDA:6,parse
DA:1,1
DA:2,1
DA:3,1
DA:4,1
DA:5,6
DA:6,4
DA:7,4
DA:8,2
DA:9,2
DA:10,1
DA:11,1
LF:11
LH:11
BRDA:4,0,0,6
BRDA:5,1,0,4
BRDA:5,2,0,4
BRDA:7,3,0,2
BRF:4
BRH:4
end_of_record
